<?xml version="1.0" encoding="UTF-8"?>
<!-- Generated by org.testng.reporters.JUnitReportReporter -->
<testsuite hostname="IHL-6Z1LYX1" name="innRoad.innCenter.suite.testng_Learning" tests="3" failures="0" timestamp="21 Jun 2016 07:18:17 GMT" time="0.000" errors="0">
  <testcase name="test2" time="0.000" classname="innRoad.innCenter.suite.testng_Learning"/>
  <testcase name="test3" time="0.000" classname="innRoad.innCenter.suite.testng_Learning"/>
  <testcase name="test1" time="0.000" classname="innRoad.innCenter.suite.testng_Learning"/>
</testsuite>
